<?xml version="1.0" encoding="UTF-8"?>
<!-- Generated by org.testng.reporters.JUnitReportReporter -->
<testsuite skipped="1" hostname="PoojaBhandariMyLaptop" name="testcases.TC004Returns" tests="1" failures="0" timestamp="2022-02-08T23:42:31 EST" time="0.000" errors="0">
  <testcase name="VerifyReturn" time="0.000" classname="testcases.TC004Returns">
    <skipped/>
  </testcase> <!-- VerifyReturn -->
  <system-out/>
</testsuite> <!-- testcases.TC004Returns -->
