<?xml version="1.0" encoding="UTF-8"?>
<!-- Generated by org.testng.reporters.JUnitReportReporter -->
<testsuite skipped="0" hostname="PoojaBhandariMyLaptop" name="testcases.TC004Returns" tests="1" failures="0" timestamp="2022-02-07T21:55:48 EST" time="4.242" errors="0">
  <testcase name="VerifyReturn" time="4.242" classname="testcases.TC004Returns"/>
  <system-out/>
</testsuite> <!-- testcases.TC004Returns -->
