<?xml version="1.0" encoding="UTF-8"?>
<!-- Generated by org.testng.reporters.JUnitReportReporter -->
<testsuite skipped="0" hostname="PoojaBhandariMyLaptop" name="testcases.TC004_Currency" tests="1" failures="0" timestamp="2022-02-07T15:54:09 EST" time="0.004" errors="0">
  <testcase name="VerifyCurrency" time="0.004" classname="testcases.TC004_Currency"/>
  <system-out/>
</testsuite> <!-- testcases.TC004_Currency -->
