<?xml version="1.0" encoding="UTF-8"?>
<!-- Generated by org.testng.reporters.JUnitReportReporter -->
<testsuite skipped="0" hostname="PoojaBhandariMyLaptop" name="testcases.TC005_WishList" tests="1" failures="0" timestamp="2022-02-02T17:26:12 EST" time="7.270" errors="0">
  <testcase name="VerifyWishList" time="7.270" classname="testcases.TC005_WishList"/>
  <system-out/>
</testsuite> <!-- testcases.TC005_WishList -->
