<?xml version="1.0" encoding="UTF-8"?>
<!-- Generated by org.testng.reporters.JUnitReportReporter -->
<testsuite skipped="0" hostname="PoojaBhandariMyLaptop" name="testcases.TC006_GiftCert" tests="1" failures="0" timestamp="2022-02-07T15:54:09 EST" time="3.092" errors="0">
  <testcase name="VerifyGiftCert" time="3.092" classname="testcases.TC006_GiftCert"/>
  <system-out/>
</testsuite> <!-- testcases.TC006_GiftCert -->
