<?xml version="1.0" encoding="UTF-8"?>
<!-- Generated by org.testng.reporters.JUnitReportReporter -->
<testsuite skipped="0" hostname="PoojaBhandariMyLaptop" name="testcases.TC008_GiftCert" tests="1" failures="0" timestamp="2022-02-07T10:08:40 EST" time="3.138" errors="0">
  <testcase name="VerifyGiftCert" time="3.138" classname="testcases.TC008_GiftCert"/>
  <system-out/>
</testsuite> <!-- testcases.TC008_GiftCert -->
