<?xml version="1.0" encoding="UTF-8"?>
<!-- Generated by org.testng.reporters.JUnitReportReporter -->
<testsuite skipped="0" hostname="PoojaBhandariMyLaptop" name="testcases.TC005_GiftCert" tests="1" failures="0" timestamp="2022-02-07T21:55:48 EST" time="3.850" errors="0">
  <testcase name="VerifyGiftCert" time="3.850" classname="testcases.TC005_GiftCert"/>
  <system-out/>
</testsuite> <!-- testcases.TC005_GiftCert -->
