<?xml version="1.0" encoding="UTF-8"?>
<!-- Generated by org.testng.reporters.JUnitReportReporter -->
<testsuite skipped="0" hostname="PoojaBhandariMyLaptop" name="testcases.TC002_Login" tests="1" failures="0" timestamp="2022-02-10T20:56:10 EST" time="1.449" errors="0">
  <testcase name="VerifyLogin" time="1.449" classname="testcases.TC002_Login"/>
  <system-out/>
</testsuite> <!-- testcases.TC002_Login -->
