<?xml version="1.0" encoding="UTF-8"?>
<!-- Generated by org.testng.reporters.JUnitReportReporter -->
<testsuite skipped="0" hostname="PoojaBhandariMyLaptop" name="testcases.TC005Returns" tests="1" failures="0" timestamp="2022-02-07T15:54:09 EST" time="3.979" errors="0">
  <testcase name="VerifyReturn" time="3.979" classname="testcases.TC005Returns"/>
  <system-out/>
</testsuite> <!-- testcases.TC005Returns -->
