<?xml version="1.0" encoding="UTF-8"?>
<!-- Generated by org.testng.reporters.JUnitReportReporter -->
<testsuite skipped="0" hostname="PoojaBhandariMyLaptop" name="testcases.TC004_Returns" tests="1" failures="0" timestamp="2022-02-10T20:56:10 EST" time="3.505" errors="0">
  <testcase name="VerifyReturn" time="3.505" classname="testcases.TC004_Returns"/>
  <system-out/>
</testsuite> <!-- testcases.TC004_Returns -->
