<?xml version="1.0" encoding="UTF-8"?>
<!-- Generated by org.testng.reporters.JUnitReportReporter -->
<testsuite skipped="0" hostname="PoojaBhandariMyLaptop" name="testcases.TC003_AddToCart" tests="1" failures="0" timestamp="2022-02-10T20:56:10 EST" time="4.541" errors="0">
  <testcase name="VerifyCart" time="4.541" classname="testcases.TC003_AddToCart"/>
  <system-out/>
</testsuite> <!-- testcases.TC003_AddToCart -->
