<?xml version="1.0" encoding="UTF-8"?>
<!-- Generated by org.testng.reporters.JUnitReportReporter -->
<testsuite skipped="0" hostname="PoojaBhandariMyLaptop" name="testcases.TC007Returns" tests="1" failures="0" timestamp="2022-02-07T10:08:40 EST" time="3.994" errors="0">
  <testcase name="VerifyReturn" time="3.994" classname="testcases.TC007Returns"/>
  <system-out/>
</testsuite> <!-- testcases.TC007Returns -->
