<?xml version="1.0" encoding="UTF-8"?>
<!-- Generated by org.testng.reporters.JUnitReportReporter -->
<testsuite skipped="0" hostname="PoojaBhandariMyLaptop" name="testcases.TC005_GiftCert" tests="1" failures="0" timestamp="2022-02-10T20:56:10 EST" time="2.844" errors="0">
  <testcase name="VerifyGiftCert" time="2.844" classname="testcases.TC005_GiftCert"/>
  <system-out/>
</testsuite> <!-- testcases.TC005_GiftCert -->
