<?xml version="1.0" encoding="UTF-8"?>
<!-- Generated by org.testng.reporters.JUnitReportReporter -->
<testsuite skipped="0" hostname="PoojaBhandariMyLaptop" name="testcases.TC001_Register" tests="1" failures="0" timestamp="2022-02-10T20:55:44 EST" time="33.083" errors="0">
  <testcase name="VerifyRegister" time="33.083" classname="testcases.TC001_Register"/>
  <system-out/>
</testsuite> <!-- testcases.TC001_Register -->
